[2026-04-10 14:28:02]	[info] incremental build: 19 source files changed
These source files will be recompiled
---
'd:\download_local\PY32F403_Firmware_V1.4.5\PY32F403_Firmware_V1.4.5\Drivers\BSP\PY32F403xx_Start_Kit\py32f403xx_Start_Kit.c': object (.o) file not exist
'd:\download_local\PY32F403_Firmware_V1.4.5\PY32F403_Firmware_V1.4.5\Drivers\PY32F403_HAL_Driver\Src\py32f403_hal.c': object (.o) file not exist
'd:\download_local\PY32F403_Firmware_V1.4.5\PY32F403_Firmware_V1.4.5\Drivers\PY32F403_HAL_Driver\Src\py32f403_hal_cortex.c': object (.o) file not exist
'd:\download_local\PY32F403_Firmware_V1.4.5\PY32F403_Firmware_V1.4.5\Drivers\PY32F403_HAL_Driver\Src\py32f403_hal_dma.c': object (.o) file not exist
'd:\download_local\PY32F403_Firmware_V1.4.5\PY32F403_Firmware_V1.4.5\Drivers\PY32F403_HAL_Driver\Src\py32f403_hal_gpio.c': object (.o) file not exist
'd:\download_local\PY32F403_Firmware_V1.4.5\PY32F403_Firmware_V1.4.5\Drivers\PY32F403_HAL_Driver\Src\py32f403_hal_pwr.c': object (.o) file not exist
'd:\download_local\PY32F403_Firmware_V1.4.5\PY32F403_Firmware_V1.4.5\Drivers\PY32F403_HAL_Driver\Src\py32f403_hal_pwr_ex.c': object (.o) file not exist
'd:\download_local\PY32F403_Firmware_V1.4.5\PY32F403_Firmware_V1.4.5\Drivers\PY32F403_HAL_Driver\Src\py32f403_hal_rcc.c': object (.o) file not exist
'd:\download_local\PY32F403_Firmware_V1.4.5\PY32F403_Firmware_V1.4.5\Drivers\PY32F403_HAL_Driver\Src\py32f403_hal_rcc_ex.c': object (.o) file not exist
'd:\download_local\PY32F403_Firmware_V1.4.5\PY32F403_Firmware_V1.4.5\Drivers\PY32F403_HAL_Driver\Src\py32f403_hal_uart.c': object (.o) file not exist
'd:\download_local\PY32F403_Firmware_V1.4.5\PY32F403_Firmware_V1.4.5\Middlewares\Third_Party\CherryUSB\class\hid\usbd_hid.c': object (.o) file not exist
'd:\download_local\PY32F403_Firmware_V1.4.5\PY32F403_Firmware_V1.4.5\Middlewares\Third_Party\CherryUSB\core\usbd_core.c': object (.o) file not exist
'd:\download_local\PY32F403_Firmware_V1.4.5\PY32F403_Firmware_V1.4.5\Middlewares\Third_Party\CherryUSB\port\usb_dc_py32.c': object (.o) file not exist
'd:\download_local\PY32F403_Firmware_V1.4.5\PY32F403_Firmware_V1.4.5\Projects\PY32F403-STK\Applications\USB_Device\USBD_Keyboard\Src\main.c': object (.o) file not exist
'd:\download_local\PY32F403_Firmware_V1.4.5\PY32F403_Firmware_V1.4.5\Projects\PY32F403-STK\Applications\USB_Device\USBD_Keyboard\Src\py32f403_hal_msp.c': object (.o) file not exist
'd:\download_local\PY32F403_Firmware_V1.4.5\PY32F403_Firmware_V1.4.5\Projects\PY32F403-STK\Applications\USB_Device\USBD_Keyboard\Src\py32f403_it.c': object (.o) file not exist
'd:\download_local\PY32F403_Firmware_V1.4.5\PY32F403_Firmware_V1.4.5\Projects\PY32F403-STK\Applications\USB_Device\USBD_Keyboard\Src\system_py32f403.c': object (.o) file not exist
'd:\download_local\PY32F403_Firmware_V1.4.5\PY32F403_Firmware_V1.4.5\Projects\PY32F403-STK\Applications\USB_Device\USBD_Keyboard\Src\usbd_hid_keyboard_if.c': object (.o) file not exist
'd:\download_local\PY32F403_Firmware_V1.4.5\PY32F403_Firmware_V1.4.5\Projects\PY32F403-STK\Applications\USB_Device\USBD_Keyboard\EIDE\startup_py32f403xx.s': object (.o) file not exist

[2026-04-10 14:28:03]	compilation failed at : "d:\download_local\PY32F403_Firmware_V1.4.5\PY32F403_Firmware_V1.4.5\Projects\PY32F403-STK\Applications\USB_Device\USBD_Keyboard\EIDE\startup_py32f403xx.s", exit code: 1
command: 
  "d:\Keil_v5\ARM\ARMCLANG\bin\armasm.exe" --diag_suppress=A1950 -I. -I../../../../../../Drivers/BSP/PY32F403xx_Start_Kit -I../../../../../../Drivers/CMSIS/Include -I../Inc -I../../../../../../Middlewares/Third_Party/CherryUSB/core -I../../../../../../Middlewares/Third_Party/CherryUSB/port -I../../../../../../Middlewares/Third_Party/CherryUSB/class/cdc -I../../../../../../Middlewares/Third_Party/CherryUSB/class/hid -I../../../../../../Middlewares/Third_Party/CherryUSB/common -I../../../../../../Drivers/CMSIS/Device/PUYA/PY32F403/Include -I../../../../../../Drivers/PY32F403_HAL_Driver/Inc --cpu Cortex-M4.fp --li -g -o ./Project/.obj/startup_py32f403xx.o --depend ./Project/.obj/startup_py32f403xx.d ./startup_py32f403xx.s
   at unify_builder.Program.compileByMulThread(Int32 thrNum, CmdInfo[] cmds_, List`1 errLogs)
   at unify_builder.Program.Main(String[] args_)
---
"./startup_py32f403xx.s", line 1: Error: A1167E: Invalid line start 
    1 00000000 -E
"./startup_py32f403xx.s", line 2: Error: A1167E: Invalid line start 
    2 00000000 startup_py32f403xx.S
"./startup_py32f403xx.s", line 3: Warning: A1313W: Missing END directive at end of file
    3 00000000 
2 Errors, 1 Warning

[2026-04-10 14:28:39]	[info] incremental build: 1 source files changed
These source files will be recompiled
---
'd:\download_local\PY32F403_Firmware_V1.4.5\PY32F403_Firmware_V1.4.5\Projects\PY32F403-STK\Applications\USB_Device\USBD_Keyboard\EIDE\startup_py32f403xx.s': object (.o) file not exist

[2026-04-10 14:28:39]	[done]
	build successfully !

[2026-04-10 14:30:57]	[done]
	build successfully !

[2026-04-10 14:39:01]	[done]
	build successfully !

[2026-04-10 14:39:55]	[info] incremental build: 19 source files changed
These source files will be recompiled
---
'd:\download_local\PY32F403_Firmware_V1.4.5\PY32F403_Firmware_V1.4.5\Drivers\BSP\PY32F403xx_Start_Kit\py32f403xx_Start_Kit.c': compiler options has been changed.
'd:\download_local\PY32F403_Firmware_V1.4.5\PY32F403_Firmware_V1.4.5\Drivers\PY32F403_HAL_Driver\Src\py32f403_hal.c': compiler options has been changed.
'd:\download_local\PY32F403_Firmware_V1.4.5\PY32F403_Firmware_V1.4.5\Drivers\PY32F403_HAL_Driver\Src\py32f403_hal_cortex.c': compiler options has been changed.
'd:\download_local\PY32F403_Firmware_V1.4.5\PY32F403_Firmware_V1.4.5\Drivers\PY32F403_HAL_Driver\Src\py32f403_hal_dma.c': compiler options has been changed.
'd:\download_local\PY32F403_Firmware_V1.4.5\PY32F403_Firmware_V1.4.5\Drivers\PY32F403_HAL_Driver\Src\py32f403_hal_gpio.c': compiler options has been changed.
'd:\download_local\PY32F403_Firmware_V1.4.5\PY32F403_Firmware_V1.4.5\Drivers\PY32F403_HAL_Driver\Src\py32f403_hal_pwr.c': compiler options has been changed.
'd:\download_local\PY32F403_Firmware_V1.4.5\PY32F403_Firmware_V1.4.5\Drivers\PY32F403_HAL_Driver\Src\py32f403_hal_pwr_ex.c': compiler options has been changed.
'd:\download_local\PY32F403_Firmware_V1.4.5\PY32F403_Firmware_V1.4.5\Drivers\PY32F403_HAL_Driver\Src\py32f403_hal_rcc.c': compiler options has been changed.
'd:\download_local\PY32F403_Firmware_V1.4.5\PY32F403_Firmware_V1.4.5\Drivers\PY32F403_HAL_Driver\Src\py32f403_hal_rcc_ex.c': compiler options has been changed.
'd:\download_local\PY32F403_Firmware_V1.4.5\PY32F403_Firmware_V1.4.5\Drivers\PY32F403_HAL_Driver\Src\py32f403_hal_uart.c': compiler options has been changed.
'd:\download_local\PY32F403_Firmware_V1.4.5\PY32F403_Firmware_V1.4.5\Middlewares\Third_Party\CherryUSB\class\hid\usbd_hid.c': compiler options has been changed.
'd:\download_local\PY32F403_Firmware_V1.4.5\PY32F403_Firmware_V1.4.5\Middlewares\Third_Party\CherryUSB\core\usbd_core.c': compiler options has been changed.
'd:\download_local\PY32F403_Firmware_V1.4.5\PY32F403_Firmware_V1.4.5\Middlewares\Third_Party\CherryUSB\port\usb_dc_py32.c': compiler options has been changed.
'd:\download_local\PY32F403_Firmware_V1.4.5\PY32F403_Firmware_V1.4.5\Projects\PY32F403-STK\Applications\USB_Device\USBD_Keyboard\Src\main.c': compiler options has been changed.
'd:\download_local\PY32F403_Firmware_V1.4.5\PY32F403_Firmware_V1.4.5\Projects\PY32F403-STK\Applications\USB_Device\USBD_Keyboard\Src\py32f403_hal_msp.c': compiler options has been changed.
'd:\download_local\PY32F403_Firmware_V1.4.5\PY32F403_Firmware_V1.4.5\Projects\PY32F403-STK\Applications\USB_Device\USBD_Keyboard\Src\py32f403_it.c': compiler options has been changed.
'd:\download_local\PY32F403_Firmware_V1.4.5\PY32F403_Firmware_V1.4.5\Projects\PY32F403-STK\Applications\USB_Device\USBD_Keyboard\Src\system_py32f403.c': compiler options has been changed.
'd:\download_local\PY32F403_Firmware_V1.4.5\PY32F403_Firmware_V1.4.5\Projects\PY32F403-STK\Applications\USB_Device\USBD_Keyboard\Src\usbd_hid_keyboard_if.c': compiler options has been changed.
'd:\download_local\PY32F403_Firmware_V1.4.5\PY32F403_Firmware_V1.4.5\Projects\PY32F403-STK\Applications\USB_Device\USBD_Keyboard\EIDE\startup_py32f403xx.s': compiler options has been changed.

[2026-04-10 14:39:56]	compilation failed at : "d:\download_local\PY32F403_Firmware_V1.4.5\PY32F403_Firmware_V1.4.5\Projects\PY32F403-STK\Applications\USB_Device\USBD_Keyboard\EIDE\startup_py32f403xx.s", exit code: 1
command: 
  "C:\Users\swk-rd-260330\.eide\tools\gcc_arm\bin\arm-none-eabi-gcc.exe" -c -x assembler-with-cpp -I. -I../../../../../../Drivers/BSP/PY32F403xx_Start_Kit -I../../../../../../Drivers/CMSIS/Include -I../Inc -I../../../../../../Middlewares/Third_Party/CherryUSB/core -I../../../../../../Middlewares/Third_Party/CherryUSB/port -I../../../../../../Middlewares/Third_Party/CherryUSB/class/cdc -I../../../../../../Middlewares/Third_Party/CherryUSB/class/hid -I../../../../../../Middlewares/Third_Party/CherryUSB/common -I../../../../../../Drivers/CMSIS/Device/PUYA/PY32F403/Include -I../../../../../../Drivers/PY32F403_HAL_Driver/Inc -mcpu=cortex-m4 -mfpu=fpv4-sp-d16 -mfloat-abi=hard -mthumb -g --specs=nosys.specs --specs=nano.specs -mfloat-abi=hard -mfpu=vfpv4-d16 -o ./Project/.obj/startup_py32f403xx.o -MMD ./startup_py32f403xx.s
   at unify_builder.Program.compileByMulThread(Int32 thrNum, CmdInfo[] cmds_, List`1 errLogs)
   at unify_builder.Program.Main(String[] args_)
---
./startup_py32f403xx.s: Assembler messages:
./startup_py32f403xx.s:1: Error: junk at end of line, first unrecognized character is `*'
./startup_py32f403xx.s:2: Error: junk at end of line, first unrecognized character is `*'
./startup_py32f403xx.s:3: Error: junk at end of line, first unrecognized character is `*'
./startup_py32f403xx.s:4: Error: junk at end of line, first unrecognized character is `*'
./startup_py32f403xx.s:5: Error: junk at end of line, first unrecognized character is `*'
./startup_py32f403xx.s:6: Error: junk at end of line, first unrecognized character is `*'
./startup_py32f403xx.s:7: Error: junk at end of line, first unrecognized character is `*'
./startup_py32f403xx.s:8: Error: junk at end of line, first unrecognized character is `*'
./startup_py32f403xx.s:9: Error: junk at end of line, first unrecognized character is `*'
./startup_py32f403xx.s:10: Error: junk at end of line, first unrecognized character is `*'
./startup_py32f403xx.s:11: Error: junk at end of line, first unrecognized character is `*'
./startup_py32f403xx.s:12: Error: junk at end of line, first unrecognized character is `*'
./startup_py32f403xx.s:13: Error: junk at end of line, first unrecognized character is `*'
./startup_py32f403xx.s:14: Error: junk at end of line, first unrecognized character is `*'
./startup_py32f403xx.s:15: Error: junk at end of line, first unrecognized character is `*'
./startup_py32f403xx.s:16: Error: junk at end of line, first unrecognized character is `*'
./startup_py32f403xx.s:16: Error: bad instruction `copyright (c)2023 Puya Semiconductor Co.'
./startup_py32f403xx.s:17: Error: junk at end of line, first unrecognized character is `*'
./startup_py32f403xx.s:18: Error: junk at end of line, first unrecognized character is `*'
./startup_py32f403xx.s:19: Error: junk at end of line, first unrecognized character is `*'
./startup_py32f403xx.s:20: Error: junk at end of line, first unrecognized character is `*'
./startup_py32f403xx.s:20: Error: bad instruction `you may not use this file except in compliance with the'
./startup_py32f403xx.s:21: Error: junk at end of line, first unrecognized character is `*'
./startup_py32f403xx.s:22: Error: junk at end of line, first unrecognized character is `*'
./startup_py32f403xx.s:23: Error: junk at end of line, first unrecognized character is `*'
./startup_py32f403xx.s:24: Error: junk at end of line, first unrecognized character is `*'
./startup_py32f403xx.s:25: Error: junk at end of line, first unrecognized character is `*'
./startup_py32f403xx.s:26: Error: junk at end of line, first unrecognized character is `*'
./startup_py32f403xx.s:27: Error: junk at end of line, first unrecognized character is `*'
./startup_py32f403xx.s:27: Error: bad instruction `copyright (c)2016 STMicroelectronics.'
./startup_py32f403xx.s:28: Error: junk at end of line, first unrecognized character is `*'
./startup_py32f403xx.s:29: Error: junk at end of line, first unrecognized character is `*'
./startup_py32f403xx.s:30: Error: junk at end of line, first unrecognized character is `*'
./startup_py32f403xx.s:31: Error: junk at end of line, first unrecognized character is `*'
./startup_py32f403xx.s:31: Error: bad instruction `you may not use this file except in compliance with the'
./startup_py32f403xx.s:32: Error: junk at end of line, first unrecognized character is `*'
./startup_py32f403xx.s:33: Error: junk at end of line, first unrecognized character is `*'
./startup_py32f403xx.s:34: Error: junk at end of line, first unrecognized character is `*'
./startup_py32f403xx.s:35: Error: junk at end of line, first unrecognized character is `*'
./startup_py32f403xx.s:36: Error: junk at end of line, first unrecognized character is `*'
./startup_py32f403xx.s:38: Error: bad instruction `amount of memory(in bytes)allocated for Stack'
./startup_py32f403xx.s:39: Error: bad instruction `tailor this value to your application needs'
./startup_py32f403xx.s:40: Error: junk at end of line, first unrecognized character is `<'
./startup_py32f403xx.s:41: Error: junk at end of line, first unrecognized character is `<'
./startup_py32f403xx.s:42: Error: junk at end of line, first unrecognized character is `<'
./startup_py32f403xx.s:44: Error: bad instruction `stack_size EQU 0x00000400'
./startup_py32f403xx.s:46: Error: bad instruction `area STACK,NOINIT,READWRITE,ALIGN=3'
./startup_py32f403xx.s:47: Error: bad instruction `stack_mem SPACE Stack_Size'
./startup_py32f403xx.s:48: Error: bad instruction `__initial_sp'
./startup_py32f403xx.s:51: Error: junk at end of line, first unrecognized character is `<'
./startup_py32f403xx.s:52: Error: junk at end of line, first unrecognized character is `<'
./startup_py32f403xx.s:53: Error: junk at end of line, first unrecognized character is `<'
./startup_py32f403xx.s:55: Error: bad instruction `heap_size EQU 0x00000200'
./startup_py32f403xx.s:57: Error: bad instruction `area HEAP,NOINIT,READWRITE,ALIGN=3'
./startup_py32f403xx.s:58: Error: bad instruction `__heap_base'
./startup_py32f403xx.s:59: Error: bad instruction `heap_mem SPACE Heap_Size'
./startup_py32f403xx.s:60: Error: bad instruction `__heap_limit'
./startup_py32f403xx.s:63: Error: bad instruction `preserve8'
./startup_py32f403xx.s:64: Error: bad instruction `thumb'
./startup_py32f403xx.s:67: Error: bad instruction `vector Table Mapped to Address 0 at Reset'
./startup_py32f403xx.s:68: Error: bad instruction `area RESET,DATA,READONLY'
./startup_py32f403xx.s:69: Error: bad instruction `export __Vectors'
./startup_py32f403xx.s:70: Error: bad instruction `export __Vectors_End'
./startup_py32f403xx.s:71: Error: bad instruction `export __Vectors_Size'
./startup_py32f403xx.s:73: Error: bad instruction `__vectors DCD __initial_sp'
./startup_py32f403xx.s:73: Error: bad instruction `top of Stack'
./startup_py32f403xx.s:74: Error: bad instruction `dcd Reset_Handler'
./startup_py32f403xx.s:74: Error: bad instruction `reset Handler'
./startup_py32f403xx.s:75: Error: bad instruction `dcd NMI_Handler'
./startup_py32f403xx.s:75: Error: bad instruction `nmi Handler'
./startup_py32f403xx.s:76: Error: bad instruction `dcd HardFault_Handler'
./startup_py32f403xx.s:76: Error: bad instruction `hard Fault Handler'
./startup_py32f403xx.s:77: Error: bad instruction `dcd MemManage_Handler'
./startup_py32f403xx.s:77: Error: bad instruction `mpu Fault Handler'
./startup_py32f403xx.s:78: Error: bad instruction `dcd BusFault_Handler'
./startup_py32f403xx.s:78: Error: bad instruction `bus Fault Handler'
./startup_py32f403xx.s:79: Error: bad instruction `dcd UsageFault_Handler'
./startup_py32f403xx.s:79: Error: bad instruction `usage Fault Handler'
./startup_py32f403xx.s:80: Error: bad instruction `dcd 0'
./startup_py32f403xx.s:80: Error: bad instruction `reserved'
./startup_py32f403xx.s:81: Error: bad instruction `dcd 0'
./startup_py32f403xx.s:81: Error: bad instruction `reserved'
./startup_py32f403xx.s:82: Error: bad instruction `dcd 0'
./startup_py32f403xx.s:82: Error: bad instruction `reserved'
./startup_py32f403xx.s:83: Error: bad instruction `dcd 0'
./startup_py32f403xx.s:83: Error: bad instruction `reserved'
./startup_py32f403xx.s:84: Error: bad instruction `dcd SVC_Handler'
./startup_py32f403xx.s:84: Error: bad instruction `svcall Handler'
./startup_py32f403xx.s:85: Error: bad instruction `dcd DebugMon_Handler'
./startup_py32f403xx.s:85: Error: bad instruction `debug Monitor Handler'
./startup_py32f403xx.s:86: Error: bad instruction `dcd 0'
./startup_py32f403xx.s:86: Error: bad instruction `reserved'
./startup_py32f403xx.s:87: Error: bad instruction `dcd PendSV_Handler'
./startup_py32f403xx.s:87: Error: bad instruction `pendsv Handler'
./startup_py32f403xx.s:88: Error: bad instruction `dcd SysTick_Handler'
./startup_py32f403xx.s:88: Error: bad instruction `systick Handler'
./startup_py32f403xx.s:90: Error: bad instruction `external Interrupts'
./startup_py32f403xx.s:91: Error: bad instruction `dcd WWDG_IRQHandler'
./startup_py32f403xx.s:91: Error: bad instruction `window Watchdog'
./startup_py32f403xx.s:92: Error: bad instruction `dcd PVD_IRQHandler'
./startup_py32f403xx.s:92: Error: bad instruction `pvd through EXTI Line detect'
./startup_py32f403xx.s:93: Error: bad instruction `dcd TAMPER_IRQHandler'
./startup_py32f403xx.s:93: Error: bad instruction `tamper'
./startup_py32f403xx.s:94: Error: bad instruction `dcd RTC_IRQHandler'
./startup_py32f403xx.s:94: Error: bad instruction `rtc'
./startup_py32f403xx.s:95: Error: bad instruction `dcd FLASH_IRQHandler'
./startup_py32f403xx.s:95: Error: bad instruction `flash'
./startup_py32f403xx.s:96: Error: bad instruction `dcd RCC_CTC_IRQHandler'
./startup_py32f403xx.s:96: Error: bad instruction `rcc &CTC'
./startup_py32f403xx.s:97: Error: bad instruction `dcd EXTI0_IRQHandler'
./startup_py32f403xx.s:97: Error: bad instruction `exti Line 0'
./startup_py32f403xx.s:98: Error: bad instruction `dcd EXTI1_IRQHandler'
./startup_py32f403xx.s:98: Error: bad instruction `exti Line 1'
./startup_py32f403xx.s:99: Error: bad instruction `dcd EXTI2_IRQHandler'
./startup_py32f403xx.s:99: Error: bad instruction `exti Line 2'
./startup_py32f403xx.s:100: Error: bad instruction `dcd EXTI3_IRQHandler'
./startup_py32f403xx.s:100: Error: bad instruction `exti Line 3'
./startup_py32f403xx.s:101: Error: bad instruction `dcd EXTI4_IRQHandler'
./startup_py32f403xx.s:101: Error: bad instruction `exti Line 4'
./startup_py32f403xx.s:102: Error: bad instruction `dcd DMA1_Channel1_IRQHandler'
./startup_py32f403xx.s:102: Error: bad instruction `dma1 Channel 1'
./startup_py32f403xx.s:103: Error: bad instruction `dcd DMA1_Channel2_IRQHandler'
./startup_py32f403xx.s:103: Error: bad instruction `dma1 Channel 2'
./startup_py32f403xx.s:104: Error: bad instruction `dcd DMA1_Channel3_IRQHandler'
./startup_py32f403xx.s:104: Error: bad instruction `dma1 Channel 3'
./startup_py32f403xx.s:105: Error: bad instruction `dcd DMA1_Channel4_IRQHandler'
./startup_py32f403xx.s:105: Error: bad instruction `dma1 Channel 4'
./startup_py32f403xx.s:106: Error: bad instruction `dcd DMA1_Channel5_IRQHandler'
./startup_py32f403xx.s:106: Error: bad instruction `dma1 Channel 5'
./startup_py32f403xx.s:107: Error: bad instruction `dcd DMA1_Channel6_IRQHandler'
./startup_py32f403xx.s:107: Error: bad instruction `dma1 Channel 6'
./startup_py32f403xx.s:108: Error: bad instruction `dcd DMA1_Channel7_IRQHandler'
./startup_py32f403xx.s:108: Error: bad instruction `dma1 Channel 7'
./startup_py32f403xx.s:109: Error: bad instruction `dcd ADC1_2_IRQHandler'
./startup_py32f403xx.s:109: Error: bad instruction `adc1 &ADC2'
./startup_py32f403xx.s:110: Error: bad instruction `dcd USB_IRQHandler'
./startup_py32f403xx.s:110: Error: bad instruction `usb'
./startup_py32f403xx.s:111: Error: bad instruction `dcd CAN_IRQHandler'
./startup_py32f403xx.s:111: Error: bad instruction `can'
./startup_py32f403xx.s:112: Error: bad instruction `dcd 0'
./startup_py32f403xx.s:112: Error: bad instruction `reserved'
./startup_py32f403xx.s:113: Error: bad instruction `dcd 0'
./startup_py32f403xx.s:113: Error: bad instruction `reserved'
./startup_py32f403xx.s:114: Error: bad instruction `dcd EXTI9_5_IRQHandler'
./startup_py32f403xx.s:114: Error: bad instruction `exti Line 9..5'
./startup_py32f403xx.s:115: Error: bad instruction `dcd TIM1_BRK_TIM9_IRQHandler'
./startup_py32f403xx.s:115: Error: bad instruction `tim1 Break and TIM9'
./startup_py32f403xx.s:116: Error: bad instruction `dcd TIM1_UP_TIM10_IRQHandler'
./startup_py32f403xx.s:116: Error: bad instruction `tim1 Update and TIM10'
./startup_py32f403xx.s:117: Error: bad instruction `dcd TIM1_TRG_COM_TIM11_IRQHandler'
./startup_py32f403xx.s:117: Error: bad instruction `tim1 Trigger and Commutation and TIM11'
./startup_py32f403xx.s:118: Error: bad instruction `dcd TIM1_CC_IRQHandler'
./startup_py32f403xx.s:118: Error: bad instruction `tim1 Capture Compare'
./startup_py32f403xx.s:119: Error: bad instruction `dcd TIM2_IRQHandler'
./startup_py32f403xx.s:119: Error: bad instruction `tim2'
./startup_py32f403xx.s:120: Error: bad instruction `dcd TIM3_IRQHandler'
./startup_py32f403xx.s:120: Error: bad instruction `tim3'
./startup_py32f403xx.s:121: Error: bad instruction `dcd TIM4_IRQHandler'
./startup_py32f403xx.s:121: Error: bad instruction `tim4'
./startup_py32f403xx.s:122: Error: bad instruction `dcd I2C1_EV_IRQHandler'
./startup_py32f403xx.s:122: Error: bad instruction `i2c1 Event'
./startup_py32f403xx.s:123: Error: bad instruction `dcd I2C1_ER_IRQHandler'
./startup_py32f403xx.s:123: Error: bad instruction `i2c1 Error'
./startup_py32f403xx.s:124: Error: bad instruction `dcd I2C2_EV_IRQHandler'
./startup_py32f403xx.s:124: Error: bad instruction `i2c2 Event'
./startup_py32f403xx.s:125: Error: bad instruction `dcd I2C2_ER_IRQHandler'
./startup_py32f403xx.s:125: Error: bad instruction `i2c2 Error'
./startup_py32f403xx.s:126: Error: bad instruction `dcd SPI1_IRQHandler'
./startup_py32f403xx.s:126: Error: bad instruction `spi1'
./startup_py32f403xx.s:127: Error: bad instruction `dcd SPI2_IRQHandler'
./startup_py32f403xx.s:127: Error: bad instruction `spi2'
./startup_py32f403xx.s:128: Error: bad instruction `dcd USART1_IRQHandler'
./startup_py32f403xx.s:128: Error: bad instruction `usart1'
./startup_py32f403xx.s:129: Error: bad instruction `dcd USART2_IRQHandler'
./startup_py32f403xx.s:129: Error: bad instruction `usart2'
./startup_py32f403xx.s:130: Error: bad instruction `dcd USART3_IRQHandler'
./startup_py32f403xx.s:130: Error: bad instruction `usart3'
./startup_py32f403xx.s:131: Error: bad instruction `dcd EXTI15_10_IRQHandler'
./startup_py32f403xx.s:131: Error: bad instruction `exti Line 15..10'
./startup_py32f403xx.s:132: Error: bad instruction `dcd RTC_Alarm_IRQHandler'
./startup_py32f403xx.s:132: Error: bad instruction `rtc Alarm through EXTI Line'
./startup_py32f403xx.s:133: Error: bad instruction `dcd 0'
./startup_py32f403xx.s:133: Error: bad instruction `reserved'
./startup_py32f403xx.s:134: Error: bad instruction `dcd TIM8_BRK_TIM12_IRQHandler'
./startup_py32f403xx.s:134: Error: bad instruction `tim8 Break and TIM12'
./startup_py32f403xx.s:135: Error: bad instruction `dcd TIM8_UP_TIM13_IRQHandler'
./startup_py32f403xx.s:135: Error: bad instruction `tim8 Update and TIM13'
./startup_py32f403xx.s:136: Error: bad instruction `dcd TIM8_TRG_COM_TIM14_IRQHandler'
./startup_py32f403xx.s:136: Error: bad instruction `tim8 Trigger and Commutation and TIM14'
./startup_py32f403xx.s:137: Error: bad instruction `dcd TIM8_CC_IRQHandler'
./startup_py32f403xx.s:137: Error: bad instruction `tim8 Capture Compare'
./startup_py32f403xx.s:138: Error: bad instruction `dcd ADC3_IRQHandler'
./startup_py32f403xx.s:138: Error: bad instruction `adc3'
./startup_py32f403xx.s:139: Error: bad instruction `dcd ESMC_IRQHandler'
./startup_py32f403xx.s:139: Error: bad instruction `esmc'
./startup_py32f403xx.s:140: Error: bad instruction `dcd SDIO_IRQHandler'
./startup_py32f403xx.s:140: Error: bad instruction `sdio'
./startup_py32f403xx.s:141: Error: bad instruction `dcd TIM5_IRQHandler'
./startup_py32f403xx.s:141: Error: bad instruction `tim5'
./startup_py32f403xx.s:142: Error: bad instruction `dcd SPI3_IRQHandler'
./startup_py32f403xx.s:142: Error: bad instruction `spi3'
./startup_py32f403xx.s:143: Error: bad instruction `dcd USART4_IRQHandler'
./startup_py32f403xx.s:143: Error: bad instruction `usart4'
./startup_py32f403xx.s:144: Error: bad instruction `dcd USART5_IRQHandler'
./startup_py32f403xx.s:144: Error: bad instruction `usart5'
./startup_py32f403xx.s:145: Error: bad instruction `dcd TIM6_IRQHandler'
./startup_py32f403xx.s:145: Error: bad instruction `tim6'
./startup_py32f403xx.s:146: Error: bad instruction `dcd TIM7_IRQHandler'
./startup_py32f403xx.s:146: Error: bad instruction `tim7'
./startup_py32f403xx.s:147: Error: bad instruction `dcd DMA2_Channel1_IRQHandler'
./startup_py32f403xx.s:147: Error: bad instruction `dma2 Channel1'
./startup_py32f403xx.s:148: Error: bad instruction `dcd DMA2_Channel2_IRQHandler'
./startup_py32f403xx.s:148: Error: bad instruction `dma2 Channel2'
./startup_py32f403xx.s:149: Error: bad instruction `dcd DMA2_Channel3_IRQHandler'
./startup_py32f403xx.s:149: Error: bad instruction `dma2 Channel3'
./startup_py32f403xx.s:150: Error: bad instruction `dcd DMA2_Channel4_5_IRQHandler'
./startup_py32f403xx.s:150: Error: bad instruction `dma2 Channel4&Channel5'
./startup_py32f403xx.s:151: Error: bad instruction `__vectors_end'
./startup_py32f403xx.s:153: Error: bad instruction `__vectors_size EQU __Vectors_End-__Vectors'
./startup_py32f403xx.s:155: Error: bad instruction `area |.text|,CODE,READONLY'
./startup_py32f403xx.s:158: Error: bad instruction `reset Handler'
./startup_py32f403xx.s:160: Error: bad instruction `reset_handler PROC'
./startup_py32f403xx.s:161: Error: bad instruction `export Reset_Handler [WEAK]'
./startup_py32f403xx.s:162: Error: bad instruction `import SystemInit'
./startup_py32f403xx.s:163: Error: bad instruction `import __main'
./startup_py32f403xx.s:168: Error: bad instruction `endp'
./startup_py32f403xx.s:171: Error: bad instruction `dummy Exception Handlers(infinite loops which can be modified)'
./startup_py32f403xx.s:173: Error: bad instruction `nmi_handler PROC'
./startup_py32f403xx.s:174: Error: bad instruction `export NMI_Handler [WEAK]'
./startup_py32f403xx.s:176: Error: bad instruction `endp'
./startup_py32f403xx.s:177: Error: bad instruction `hardfault_handler PROC'
./startup_py32f403xx.s:179: Error: bad instruction `export HardFault_Handler [WEAK]'
./startup_py32f403xx.s:181: Error: bad instruction `endp'
./startup_py32f403xx.s:182: Error: bad instruction `memmanage_handler PROC'
./startup_py32f403xx.s:184: Error: bad instruction `export MemManage_Handler [WEAK]'
./startup_py32f403xx.s:186: Error: bad instruction `endp'
./startup_py32f403xx.s:187: Error: bad instruction `busfault_handler PROC'
./startup_py32f403xx.s:189: Error: bad instruction `export BusFault_Handler [WEAK]'
./startup_py32f403xx.s:191: Error: bad instruction `endp'
./startup_py32f403xx.s:192: Error: bad instruction `usagefault_handler PROC'
./startup_py32f403xx.s:194: Error: bad instruction `export UsageFault_Handler [WEAK]'
./startup_py32f403xx.s:196: Error: bad instruction `endp'
./startup_py32f403xx.s:197: Error: bad instruction `svc_handler PROC'
./startup_py32f403xx.s:198: Error: bad instruction `export SVC_Handler [WEAK]'
./startup_py32f403xx.s:200: Error: bad instruction `endp'
./startup_py32f403xx.s:201: Error: bad instruction `debugmon_handler PROC'
./startup_py32f403xx.s:203: Error: bad instruction `export DebugMon_Handler [WEAK]'
./startup_py32f403xx.s:205: Error: bad instruction `endp'
./startup_py32f403xx.s:206: Error: bad instruction `pendsv_handler PROC'
./startup_py32f403xx.s:207: Error: bad instruction `export PendSV_Handler [WEAK]'
./startup_py32f403xx.s:209: Error: bad instruction `endp'
./startup_py32f403xx.s:210: Error: bad instruction `systick_handler PROC'
./startup_py32f403xx.s:211: Error: bad instruction `export SysTick_Handler [WEAK]'
./startup_py32f403xx.s:213: Error: bad instruction `endp'
./startup_py32f403xx.s:215: Error: bad instruction `default_handler PROC'
./startup_py32f403xx.s:217: Error: bad instruction `export WWDG_IRQHandler [WEAK]'
./startup_py32f403xx.s:218: Error: bad instruction `export PVD_IRQHandler [WEAK]'
./startup_py32f403xx.s:219: Error: bad instruction `export TAMPER_IRQHandler [WEAK]'
./startup_py32f403xx.s:220: Error: bad instruction `export RTC_IRQHandler [WEAK]'
./startup_py32f403xx.s:221: Error: bad instruction `export FLASH_IRQHandler [WEAK]'
./startup_py32f403xx.s:222: Error: bad instruction `export RCC_CTC_IRQHandler [WEAK]'
./startup_py32f403xx.s:223: Error: bad instruction `export EXTI0_IRQHandler [WEAK]'
./startup_py32f403xx.s:224: Error: bad instruction `export EXTI1_IRQHandler [WEAK]'
./startup_py32f403xx.s:225: Error: bad instruction `export EXTI2_IRQHandler [WEAK]'
./startup_py32f403xx.s:226: Error: bad instruction `export EXTI3_IRQHandler [WEAK]'
./startup_py32f403xx.s:227: Error: bad instruction `export EXTI4_IRQHandler [WEAK]'
./startup_py32f403xx.s:228: Error: bad instruction `export DMA1_Channel1_IRQHandler [WEAK]'
./startup_py32f403xx.s:229: Error: bad instruction `export DMA1_Channel2_IRQHandler [WEAK]'
./startup_py32f403xx.s:230: Error: bad instruction `export DMA1_Channel3_IRQHandler [WEAK]'
./startup_py32f403xx.s:231: Error: bad instruction `export DMA1_Channel4_IRQHandler [WEAK]'
./startup_py32f403xx.s:232: Error: bad instruction `export DMA1_Channel5_IRQHandler [WEAK]'
./startup_py32f403xx.s:233: Error: bad instruction `export DMA1_Channel6_IRQHandler [WEAK]'
./startup_py32f403xx.s:234: Error: bad instruction `export DMA1_Channel7_IRQHandler [WEAK]'
./startup_py32f403xx.s:235: Error: bad instruction `export ADC1_2_IRQHandler [WEAK]'
./startup_py32f403xx.s:236: Error: bad instruction `export USB_IRQHandler [WEAK]'
./startup_py32f403xx.s:237: Error: bad instruction `export CAN_IRQHandler [WEAK]'
./startup_py32f403xx.s:238: Error: bad instruction `export EXTI9_5_IRQHandler [WEAK]'
./startup_py32f403xx.s:239: Error: bad instruction `export TIM1_BRK_TIM9_IRQHandler [WEAK]'
./startup_py32f403xx.s:240: Error: bad instruction `export TIM1_UP_TIM10_IRQHandler [WEAK]'
./startup_py32f403xx.s:241: Error: bad instruction `export TIM1_TRG_COM_TIM11_IRQHandler [WEAK]'
./startup_py32f403xx.s:242: Error: bad instruction `export TIM1_CC_IRQHandler [WEAK]'
./startup_py32f403xx.s:243: Error: bad instruction `export TIM2_IRQHandler [WEAK]'
./startup_py32f403xx.s:244: Error: bad instruction `export TIM3_IRQHandler [WEAK]'
./startup_py32f403xx.s:245: Error: bad instruction `export TIM4_IRQHandler [WEAK]'
./startup_py32f403xx.s:246: Error: bad instruction `export I2C1_EV_IRQHandler [WEAK]'
./startup_py32f403xx.s:247: Error: bad instruction `export I2C1_ER_IRQHandler [WEAK]'
./startup_py32f403xx.s:248: Error: bad instruction `export I2C2_EV_IRQHandler [WEAK]'
./startup_py32f403xx.s:249: Error: bad instruction `export I2C2_ER_IRQHandler [WEAK]'
./startup_py32f403xx.s:250: Error: bad instruction `export SPI1_IRQHandler [WEAK]'
./startup_py32f403xx.s:251: Error: bad instruction `export SPI2_IRQHandler [WEAK]'
./startup_py32f403xx.s:252: Error: bad instruction `export USART1_IRQHandler [WEAK]'
./startup_py32f403xx.s:253: Error: bad instruction `export USART2_IRQHandler [WEAK]'
./startup_py32f403xx.s:254: Error: bad instruction `export USART3_IRQHandler [WEAK]'
./startup_py32f403xx.s:255: Error: bad instruction `export EXTI15_10_IRQHandler [WEAK]'
./startup_py32f403xx.s:256: Error: bad instruction `export RTC_Alarm_IRQHandler [WEAK]'
./startup_py32f403xx.s:257: Error: bad instruction `export TIM8_BRK_TIM12_IRQHandler [WEAK]'
./startup_py32f403xx.s:258: Error: bad instruction `export TIM8_UP_TIM13_IRQHandler [WEAK]'
./startup_py32f403xx.s:259: Error: bad instruction `export TIM8_TRG_COM_TIM14_IRQHandler [WEAK]'
./startup_py32f403xx.s:260: Error: bad instruction `export TIM8_CC_IRQHandler [WEAK]'
./startup_py32f403xx.s:261: Error: bad instruction `export ADC3_IRQHandler [WEAK]'
./startup_py32f403xx.s:262: Error: bad instruction `export ESMC_IRQHandler [WEAK]'
./startup_py32f403xx.s:263: Error: bad instruction `export SDIO_IRQHandler [WEAK]'
./startup_py32f403xx.s:264: Error: bad instruction `export TIM5_IRQHandler [WEAK]'
./startup_py32f403xx.s:265: Error: bad instruction `export SPI3_IRQHandler [WEAK]'
./startup_py32f403xx.s:266: Error: bad instruction `export USART4_IRQHandler [WEAK]'
./startup_py32f403xx.s:267: Error: bad instruction `export USART5_IRQHandler [WEAK]'
./startup_py32f403xx.s:268: Error: bad instruction `export TIM6_IRQHandler [WEAK]'
./startup_py32f403xx.s:269: Error: bad instruction `export TIM7_IRQHandler [WEAK]'
./startup_py32f403xx.s:270: Error: bad instruction `export DMA2_Channel1_IRQHandler [WEAK]'
./startup_py32f403xx.s:271: Error: bad instruction `export DMA2_Channel2_IRQHandler [WEAK]'
./startup_py32f403xx.s:272: Error: bad instruction `export DMA2_Channel3_IRQHandler [WEAK]'
./startup_py32f403xx.s:273: Error: bad instruction `export DMA2_Channel4_5_IRQHandler [WEAK]'
./startup_py32f403xx.s:275: Error: bad instruction `wwdg_irqhandler'
./startup_py32f403xx.s:276: Error: bad instruction `pvd_irqhandler'
./startup_py32f403xx.s:277: Error: bad instruction `tamper_irqhandler'
./startup_py32f403xx.s:278: Error: bad instruction `rtc_irqhandler'
./startup_py32f403xx.s:279: Error: bad instruction `flash_irqhandler'
./startup_py32f403xx.s:280: Error: bad instruction `rcc_ctc_irqhandler'
./startup_py32f403xx.s:281: Error: bad instruction `exti0_irqhandler'
./startup_py32f403xx.s:282: Error: bad instruction `exti1_irqhandler'
./startup_py32f403xx.s:283: Error: bad instruction `exti2_irqhandler'
./startup_py32f403xx.s:284: Error: bad instruction `exti3_irqhandler'
./startup_py32f403xx.s:285: Error: bad instruction `exti4_irqhandler'
./startup_py32f403xx.s:286: Error: bad instruction `dma1_channel1_irqhandler'
./startup_py32f403xx.s:287: Error: bad instruction `dma1_channel2_irqhandler'
./startup_py32f403xx.s:288: Error: bad instruction `dma1_channel3_irqhandler'
./startup_py32f403xx.s:289: Error: bad instruction `dma1_channel4_irqhandler'
./startup_py32f403xx.s:290: Error: bad instruction `dma1_channel5_irqhandler'
./startup_py32f403xx.s:291: Error: bad instruction `dma1_channel6_irqhandler'
./startup_py32f403xx.s:292: Error: bad instruction `dma1_channel7_irqhandler'
./startup_py32f403xx.s:293: Error: bad instruction `adc1_2_irqhandler'
./startup_py32f403xx.s:294: Error: bad instruction `usb_irqhandler'
./startup_py32f403xx.s:295: Error: bad instruction `can_irqhandler'
./startup_py32f403xx.s:296: Error: bad instruction `exti9_5_irqhandler'
./startup_py32f403xx.s:297: Error: bad instruction `tim1_brk_tim9_irqhandler'
./startup_py32f403xx.s:298: Error: bad instruction `tim1_up_tim10_irqhandler'
./startup_py32f403xx.s:299: Error: bad instruction `tim1_trg_com_tim11_irqhandler'
./startup_py32f403xx.s:300: Error: bad instruction `tim1_cc_irqhandler'
./startup_py32f403xx.s:301: Error: bad instruction `tim2_irqhandler'
./startup_py32f403xx.s:302: Error: bad instruction `tim3_irqhandler'
./startup_py32f403xx.s:303: Error: bad instruction `tim4_irqhandler'
./startup_py32f403xx.s:304: Error: bad instruction `i2c1_ev_irqhandler'
./startup_py32f403xx.s:305: Error: bad instruction `i2c1_er_irqhandler'
./startup_py32f403xx.s:306: Error: bad instruction `i2c2_ev_irqhandler'
./startup_py32f403xx.s:307: Error: bad instruction `i2c2_er_irqhandler'
./startup_py32f403xx.s:308: Error: bad instruction `spi1_irqhandler'
./startup_py32f403xx.s:309: Error: bad instruction `spi2_irqhandler'
./startup_py32f403xx.s:310: Error: bad instruction `usart1_irqhandler'
./startup_py32f403xx.s:311: Error: bad instruction `usart2_irqhandler'
./startup_py32f403xx.s:312: Error: bad instruction `usart3_irqhandler'
./startup_py32f403xx.s:313: Error: bad instruction `exti15_10_irqhandler'
./startup_py32f403xx.s:314: Error: bad instruction `rtc_alarm_irqhandler'
./startup_py32f403xx.s:315: Error: bad instruction `tim8_brk_tim12_irqhandler'
./startup_py32f403xx.s:316: Error: bad instruction `tim8_up_tim13_irqhandler'
./startup_py32f403xx.s:317: Error: bad instruction `tim8_trg_com_tim14_irqhandler'
./startup_py32f403xx.s:318: Error: bad instruction `tim8_cc_irqhandler'
./startup_py32f403xx.s:319: Error: bad instruction `adc3_irqhandler'
./startup_py32f403xx.s:320: Error: bad instruction `esmc_irqhandler'
./startup_py32f403xx.s:321: Error: bad instruction `sdio_irqhandler'
./startup_py32f403xx.s:322: Error: bad instruction `tim5_irqhandler'
./startup_py32f403xx.s:323: Error: bad instruction `spi3_irqhandler'
./startup_py32f403xx.s:324: Error: bad instruction `usart4_irqhandler'
./startup_py32f403xx.s:325: Error: bad instruction `usart5_irqhandler'
./startup_py32f403xx.s:326: Error: bad instruction `tim6_irqhandler'
./startup_py32f403xx.s:327: Error: bad instruction `tim7_irqhandler'
./startup_py32f403xx.s:328: Error: bad instruction `dma2_channel1_irqhandler'
./startup_py32f403xx.s:329: Error: bad instruction `dma2_channel2_irqhandler'
./startup_py32f403xx.s:330: Error: bad instruction `dma2_channel3_irqhandler'
./startup_py32f403xx.s:331: Error: bad instruction `dma2_channel4_5_irqhandler'
./startup_py32f403xx.s:334: Error: bad instruction `endp'
./startup_py32f403xx.s:336: Error: bad instruction `align'
./startup_py32f403xx.s:338: Error: bad instruction `user Initial Stack&Heap'
./startup_py32f403xx.s:340: Error: bad instruction `__microlib'
./startup_py32f403xx.s:342: Error: bad instruction `export __initial_sp'
./startup_py32f403xx.s:343: Error: bad instruction `export __heap_base'
./startup_py32f403xx.s:344: Error: bad instruction `export __heap_limit'
./startup_py32f403xx.s:346: Error: bad instruction `else'
./startup_py32f403xx.s:348: Error: bad instruction `import __use_two_region_memory'
./startup_py32f403xx.s:349: Error: bad instruction `export __user_initial_stackheap'
./startup_py32f403xx.s:351: Error: bad instruction `__user_initial_stackheap'
./startup_py32f403xx.s:354: Error: syntax error -- `ldr R1,=(Stack_Mem+Stack_Size)'
./startup_py32f403xx.s:355: Error: syntax error -- `ldr R2,=(Heap_Mem+Heap_Size)'
./startup_py32f403xx.s:359: Error: bad instruction `align'
./startup_py32f403xx.s:361: Error: bad instruction `endif'
./startup_py32f403xx.s:363: Error: bad instruction `end'
./startup_py32f403xx.s:365: Error: junk at end of line, first unrecognized character is `*'

