


ARM Macro Assembler    Page 1 


    1 00000000         ;*******************************************************
                       *********************** 
    2 00000000         ;* @file    startup_py32f403xx.s
    3 00000000         ;* @author  MCU Application Team
    4 00000000         ;* @brief   PY32F403xx devices vector table for MDK-ARM 
                       toolchain.
    5 00000000         ;*          This module performs:
    6 00000000         ;*          - Set the initial SP
    7 00000000         ;*          - Set the initial PC == Reset_Handler
    8 00000000         ;*          - Set the vector table entries with the exce
                       ptions ISR address
    9 00000000         ;*          - Branches to __main in the C library (which
                        eventually
   10 00000000         ;*            calls main()).
   11 00000000         ;*          After Reset the CortexM4 processor is in Thr
                       ead mode,
   12 00000000         ;*          priority is Privileged, and the Stack is set
                        to Main.
   13 00000000         ;*******************************************************
                       *********************** 
   14 00000000         ;* @attention
   15 00000000         ;*
   16 00000000         ;* <h2><center>&copy; Copyright (c) 2023 Puya Semiconduc
                       tor Co.
   17 00000000         ;* All rights reserved.</center></h2>
   18 00000000         ;*
   19 00000000         ;* This software component is licensed by Puya under BSD
                        3-Clause license,
   20 00000000         ;* the "License"; You may not use this file except in co
                       mpliance with the
   21 00000000         ;* License. You may obtain a copy of the License at:
   22 00000000         ;*                        opensource.org/licenses/BSD-3-
                       Clause
   23 00000000         ;*
   24 00000000         ;*******************************************************
                       ***********************
   25 00000000         ;* @attention
   26 00000000         ;*
   27 00000000         ;* <h2><center>&copy; Copyright (c) 2016 STMicroelectron
                       ics.
   28 00000000         ;* All rights reserved.</center></h2>
   29 00000000         ;*
   30 00000000         ;* This software component is licensed by ST under BSD 3
                       -Clause license,
   31 00000000         ;* the "License"; You may not use this file except in co
                       mpliance with the
   32 00000000         ;* License. You may obtain a copy of the License at:
   33 00000000         ;*                        opensource.org/licenses/BSD-3-
                       Clause
   34 00000000         ;*
   35 00000000         ;*******************************************************
                       *********************** 
   36 00000000         ;* <<< Use Configuration Wizard in Context Menu >>>
   37 00000000         
   38 00000000         ; Amount of memory (in bytes) allocated for Stack
   39 00000000         ; Tailor this value to your application needs
   40 00000000         ; <h> Stack Configuration
   41 00000000         ;   <o> Stack Size (in Bytes) <0x0-0xFFFFFFFF:8>
   42 00000000         ; </h>



ARM Macro Assembler    Page 2 


   43 00000000         
   44 00000000 00001000 
                       Stack_Size
                               EQU              0x00001000
   45 00000000         
   46 00000000                 AREA             STACK, NOINIT, READWRITE, ALIGN
=3
   47 00000000         Stack_Mem
                               SPACE            Stack_Size
   48 00001000         __initial_sp
   49 00001000         
   50 00001000         
   51 00001000         ; <h> Heap Configuration
   52 00001000         ;   <o>  Heap Size (in Bytes) <0x0-0xFFFFFFFF:8>
   53 00001000         ; </h>
   54 00001000         
   55 00001000 00000800 
                       Heap_Size
                               EQU              0x00000800
   56 00001000         
   57 00001000                 AREA             HEAP, NOINIT, READWRITE, ALIGN=
3
   58 00000000         __heap_base
   59 00000000         Heap_Mem
                               SPACE            Heap_Size
   60 00000800         __heap_limit
   61 00000800         
   62 00000800         
   63 00000800                 PRESERVE8
   64 00000800                 THUMB
   65 00000800         
   66 00000800         
   67 00000800         ; Vector Table Mapped to Address 0 at Reset
   68 00000800                 AREA             RESET, DATA, READONLY
   69 00000000                 EXPORT           __Vectors
   70 00000000                 EXPORT           __Vectors_End
   71 00000000                 EXPORT           __Vectors_Size
   72 00000000         
   73 00000000 00000000 
                       __Vectors
                               DCD              __initial_sp ; Top of Stack
   74 00000004 00000000        DCD              Reset_Handler ; Reset Handler
   75 00000008 00000000        DCD              NMI_Handler ; NMI Handler
   76 0000000C 00000000        DCD              HardFault_Handler ; Hard Fault 
                                                            Handler
   77 00000010 00000000        DCD              MemManage_Handler 
                                                            ; MPU Fault Handler
                                                            
   78 00000014 00000000        DCD              BusFault_Handler 
                                                            ; Bus Fault Handler
                                                            
   79 00000018 00000000        DCD              UsageFault_Handler ; Usage Faul
                                                            t Handler
   80 0000001C 00000000        DCD              0           ; Reserved
   81 00000020 00000000        DCD              0           ; Reserved
   82 00000024 00000000        DCD              0           ; Reserved
   83 00000028 00000000        DCD              0           ; Reserved
   84 0000002C 00000000        DCD              SVC_Handler ; SVCall Handler
   85 00000030 00000000        DCD              DebugMon_Handler ; Debug Monito



ARM Macro Assembler    Page 3 


                                                            r Handler
   86 00000034 00000000        DCD              0           ; Reserved
   87 00000038 00000000        DCD              PendSV_Handler ; PendSV Handler
                                                            
   88 0000003C 00000000        DCD              SysTick_Handler 
                                                            ; SysTick Handler
   89 00000040         
   90 00000040         ; External Interrupts
   91 00000040 00000000        DCD              WWDG_IRQHandler 
                                                            ; Window Watchdog
   92 00000044 00000000        DCD              PVD_IRQHandler ; PVD through EX
                                                            TI Line detect
   93 00000048 00000000        DCD              TAMPER_IRQHandler ; Tamper
   94 0000004C 00000000        DCD              RTC_IRQHandler ; RTC
   95 00000050 00000000        DCD              FLASH_IRQHandler ; Flash
   96 00000054 00000000        DCD              RCC_CTC_IRQHandler ; RCC & CTC
   97 00000058 00000000        DCD              EXTI0_IRQHandler ; EXTI Line 0
   98 0000005C 00000000        DCD              EXTI1_IRQHandler ; EXTI Line 1
   99 00000060 00000000        DCD              EXTI2_IRQHandler ; EXTI Line 2
  100 00000064 00000000        DCD              EXTI3_IRQHandler ; EXTI Line 3
  101 00000068 00000000        DCD              EXTI4_IRQHandler ; EXTI Line 4
  102 0000006C 00000000        DCD              DMA1_Channel1_IRQHandler 
                                                            ; DMA1 Channel 1
  103 00000070 00000000        DCD              DMA1_Channel2_IRQHandler 
                                                            ; DMA1 Channel 2
  104 00000074 00000000        DCD              DMA1_Channel3_IRQHandler 
                                                            ; DMA1 Channel 3
  105 00000078 00000000        DCD              DMA1_Channel4_IRQHandler 
                                                            ; DMA1 Channel 4
  106 0000007C 00000000        DCD              DMA1_Channel5_IRQHandler 
                                                            ; DMA1 Channel 5
  107 00000080 00000000        DCD              DMA1_Channel6_IRQHandler 
                                                            ; DMA1 Channel 6
  108 00000084 00000000        DCD              DMA1_Channel7_IRQHandler 
                                                            ; DMA1 Channel 7
  109 00000088 00000000        DCD              ADC1_2_IRQHandler ; ADC1 & ADC2
                                                            
  110 0000008C 00000000        DCD              USB_IRQHandler ; USB
  111 00000090 00000000        DCD              CAN_IRQHandler ; CAN
  112 00000094 00000000        DCD              0           ; Reserved
  113 00000098 00000000        DCD              0           ; Reserved
  114 0000009C 00000000        DCD              EXTI9_5_IRQHandler 
                                                            ; EXTI Line 9..5
  115 000000A0 00000000        DCD              TIM1_BRK_TIM9_IRQHandler ; TIM1
                                                             Break and TIM9
  116 000000A4 00000000        DCD              TIM1_UP_TIM10_IRQHandler ; TIM1
                                                             Update and TIM10
  117 000000A8 00000000        DCD              TIM1_TRG_COM_TIM11_IRQHandler ;
                                                             TIM1 Trigger and C
                                                            ommutation and TIM1
                                                            1
  118 000000AC 00000000        DCD              TIM1_CC_IRQHandler ; TIM1 Captu
                                                            re Compare
  119 000000B0 00000000        DCD              TIM2_IRQHandler ; TIM2
  120 000000B4 00000000        DCD              TIM3_IRQHandler ; TIM3
  121 000000B8 00000000        DCD              TIM4_IRQHandler ; TIM4
  122 000000BC 00000000        DCD              I2C1_EV_IRQHandler ; I2C1 Event
                                                            
  123 000000C0 00000000        DCD              I2C1_ER_IRQHandler ; I2C1 Error



ARM Macro Assembler    Page 4 


                                                            
  124 000000C4 00000000        DCD              I2C2_EV_IRQHandler ; I2C2 Event
                                                            
  125 000000C8 00000000        DCD              I2C2_ER_IRQHandler ; I2C2 Error
                                                            
  126 000000CC 00000000        DCD              SPI1_IRQHandler ; SPI1
  127 000000D0 00000000        DCD              SPI2_IRQHandler ; SPI2
  128 000000D4 00000000        DCD              USART1_IRQHandler ; USART1
  129 000000D8 00000000        DCD              USART2_IRQHandler ; USART2
  130 000000DC 00000000        DCD              USART3_IRQHandler ; USART3
  131 000000E0 00000000        DCD              EXTI15_10_IRQHandler 
                                                            ; EXTI Line 15..10
  132 000000E4 00000000        DCD              RTC_Alarm_IRQHandler ; RTC Alar
                                                            m through EXTI Line
                                                            
  133 000000E8 00000000        DCD              0           ; Reserved
  134 000000EC 00000000        DCD              TIM8_BRK_TIM12_IRQHandler ; TIM
                                                            8 Break and TIM12
  135 000000F0 00000000        DCD              TIM8_UP_TIM13_IRQHandler ; TIM8
                                                             Update and TIM13
  136 000000F4 00000000        DCD              TIM8_TRG_COM_TIM14_IRQHandler ;
                                                             TIM8 Trigger and C
                                                            ommutation and TIM1
                                                            4
  137 000000F8 00000000        DCD              TIM8_CC_IRQHandler ; TIM8 Captu
                                                            re Compare
  138 000000FC 00000000        DCD              ADC3_IRQHandler ; ADC3
  139 00000100 00000000        DCD              ESMC_IRQHandler ; ESMC
  140 00000104 00000000        DCD              SDIO_IRQHandler ; SDIO
  141 00000108 00000000        DCD              TIM5_IRQHandler ; TIM5
  142 0000010C 00000000        DCD              SPI3_IRQHandler ; SPI3
  143 00000110 00000000        DCD              USART4_IRQHandler ; USART4
  144 00000114 00000000        DCD              USART5_IRQHandler ; USART5
  145 00000118 00000000        DCD              TIM6_IRQHandler ; TIM6
  146 0000011C 00000000        DCD              TIM7_IRQHandler ; TIM7
  147 00000120 00000000        DCD              DMA2_Channel1_IRQHandler 
                                                            ; DMA2 Channel1
  148 00000124 00000000        DCD              DMA2_Channel2_IRQHandler 
                                                            ; DMA2 Channel2
  149 00000128 00000000        DCD              DMA2_Channel3_IRQHandler 
                                                            ; DMA2 Channel3
  150 0000012C 00000000        DCD              DMA2_Channel4_5_IRQHandler ; DM
                                                            A2 Channel4 & Chann
                                                            el5
  151 00000130         __Vectors_End
  152 00000130         
  153 00000130 00000130 
                       __Vectors_Size
                               EQU              __Vectors_End - __Vectors
  154 00000130         
  155 00000130                 AREA             |.text|, CODE, READONLY
  156 00000000         
  157 00000000         
  158 00000000         ; Reset Handler
  159 00000000         
  160 00000000         Reset_Handler
                               PROC
  161 00000000                 EXPORT           Reset_Handler             [WEAK
]



ARM Macro Assembler    Page 5 


  162 00000000                 IMPORT           SystemInit
  163 00000000                 IMPORT           __main
  164 00000000 4806            LDR              R0, =SystemInit
  165 00000002 4780            BLX              R0
  166 00000004 4806            LDR              R0, =__main
  167 00000006 4700            BX               R0
  168 00000008                 ENDP
  169 00000008         
  170 00000008         
  171 00000008         ; Dummy Exception Handlers (infinite loops which can be 
                       modified)
  172 00000008         
  173 00000008         NMI_Handler
                               PROC
  174 00000008                 EXPORT           NMI_Handler                [WEA
K]
  175 00000008 E7FE            B                .
  176 0000000A                 ENDP
  178 0000000A         HardFault_Handler
                               PROC
  179 0000000A                 EXPORT           HardFault_Handler          [WEA
K]
  180 0000000A E7FE            B                .
  181 0000000C                 ENDP
  183 0000000C         MemManage_Handler
                               PROC
  184 0000000C                 EXPORT           MemManage_Handler          [WEA
K]
  185 0000000C E7FE            B                .
  186 0000000E                 ENDP
  188 0000000E         BusFault_Handler
                               PROC
  189 0000000E                 EXPORT           BusFault_Handler           [WEA
K]
  190 0000000E E7FE            B                .
  191 00000010                 ENDP
  193 00000010         UsageFault_Handler
                               PROC
  194 00000010                 EXPORT           UsageFault_Handler         [WEA
K]
  195 00000010 E7FE            B                .
  196 00000012                 ENDP
  197 00000012         SVC_Handler
                               PROC
  198 00000012                 EXPORT           SVC_Handler                [WEA
K]
  199 00000012 E7FE            B                .
  200 00000014                 ENDP
  202 00000014         DebugMon_Handler
                               PROC
  203 00000014                 EXPORT           DebugMon_Handler           [WEA
K]
  204 00000014 E7FE            B                .
  205 00000016                 ENDP
  206 00000016         PendSV_Handler
                               PROC
  207 00000016                 EXPORT           PendSV_Handler             [WEA
K]
  208 00000016 E7FE            B                .



ARM Macro Assembler    Page 6 


  209 00000018                 ENDP
  210 00000018         SysTick_Handler
                               PROC
  211 00000018                 EXPORT           SysTick_Handler            [WEA
K]
  212 00000018 E7FE            B                .
  213 0000001A                 ENDP
  214 0000001A         
  215 0000001A         Default_Handler
                               PROC
  216 0000001A         
  217 0000001A                 EXPORT           WWDG_IRQHandler               [
WEAK]
  218 0000001A                 EXPORT           PVD_IRQHandler                [
WEAK]
  219 0000001A                 EXPORT           TAMPER_IRQHandler             [
WEAK]
  220 0000001A                 EXPORT           RTC_IRQHandler                [
WEAK]
  221 0000001A                 EXPORT           FLASH_IRQHandler              [
WEAK]
  222 0000001A                 EXPORT           RCC_CTC_IRQHandler            [
WEAK]
  223 0000001A                 EXPORT           EXTI0_IRQHandler              [
WEAK]
  224 0000001A                 EXPORT           EXTI1_IRQHandler              [
WEAK]
  225 0000001A                 EXPORT           EXTI2_IRQHandler              [
WEAK]
  226 0000001A                 EXPORT           EXTI3_IRQHandler              [
WEAK]
  227 0000001A                 EXPORT           EXTI4_IRQHandler              [
WEAK]
  228 0000001A                 EXPORT           DMA1_Channel1_IRQHandler      [
WEAK]
  229 0000001A                 EXPORT           DMA1_Channel2_IRQHandler      [
WEAK]
  230 0000001A                 EXPORT           DMA1_Channel3_IRQHandler      [
WEAK]
  231 0000001A                 EXPORT           DMA1_Channel4_IRQHandler      [
WEAK]
  232 0000001A                 EXPORT           DMA1_Channel5_IRQHandler      [
WEAK]
  233 0000001A                 EXPORT           DMA1_Channel6_IRQHandler      [
WEAK]
  234 0000001A                 EXPORT           DMA1_Channel7_IRQHandler      [
WEAK]
  235 0000001A                 EXPORT           ADC1_2_IRQHandler             [
WEAK]
  236 0000001A                 EXPORT           USB_IRQHandler                [
WEAK]
  237 0000001A                 EXPORT           CAN_IRQHandler                [
WEAK]
  238 0000001A                 EXPORT           EXTI9_5_IRQHandler            [
WEAK]
  239 0000001A                 EXPORT           TIM1_BRK_TIM9_IRQHandler      [
WEAK]
  240 0000001A                 EXPORT           TIM1_UP_TIM10_IRQHandler      [
WEAK]



ARM Macro Assembler    Page 7 


  241 0000001A                 EXPORT           TIM1_TRG_COM_TIM11_IRQHandler [
WEAK]
  242 0000001A                 EXPORT           TIM1_CC_IRQHandler            [
WEAK]
  243 0000001A                 EXPORT           TIM2_IRQHandler               [
WEAK]
  244 0000001A                 EXPORT           TIM3_IRQHandler               [
WEAK]
  245 0000001A                 EXPORT           TIM4_IRQHandler               [
WEAK]
  246 0000001A                 EXPORT           I2C1_EV_IRQHandler            [
WEAK]
  247 0000001A                 EXPORT           I2C1_ER_IRQHandler            [
WEAK]
  248 0000001A                 EXPORT           I2C2_EV_IRQHandler            [
WEAK]
  249 0000001A                 EXPORT           I2C2_ER_IRQHandler            [
WEAK]
  250 0000001A                 EXPORT           SPI1_IRQHandler               [
WEAK]
  251 0000001A                 EXPORT           SPI2_IRQHandler               [
WEAK]
  252 0000001A                 EXPORT           USART1_IRQHandler             [
WEAK]
  253 0000001A                 EXPORT           USART2_IRQHandler             [
WEAK]
  254 0000001A                 EXPORT           USART3_IRQHandler             [
WEAK]
  255 0000001A                 EXPORT           EXTI15_10_IRQHandler          [
WEAK]
  256 0000001A                 EXPORT           RTC_Alarm_IRQHandler          [
WEAK]
  257 0000001A                 EXPORT           TIM8_BRK_TIM12_IRQHandler     [
WEAK]
  258 0000001A                 EXPORT           TIM8_UP_TIM13_IRQHandler      [
WEAK]
  259 0000001A                 EXPORT           TIM8_TRG_COM_TIM14_IRQHandler [
WEAK]
  260 0000001A                 EXPORT           TIM8_CC_IRQHandler            [
WEAK]
  261 0000001A                 EXPORT           ADC3_IRQHandler               [
WEAK]
  262 0000001A                 EXPORT           ESMC_IRQHandler               [
WEAK]
  263 0000001A                 EXPORT           SDIO_IRQHandler               [
WEAK]
  264 0000001A                 EXPORT           TIM5_IRQHandler               [
WEAK]
  265 0000001A                 EXPORT           SPI3_IRQHandler               [
WEAK]
  266 0000001A                 EXPORT           USART4_IRQHandler             [
WEAK]
  267 0000001A                 EXPORT           USART5_IRQHandler             [
WEAK]
  268 0000001A                 EXPORT           TIM6_IRQHandler               [
WEAK]
  269 0000001A                 EXPORT           TIM7_IRQHandler               [
WEAK]
  270 0000001A                 EXPORT           DMA2_Channel1_IRQHandler      [



ARM Macro Assembler    Page 8 


WEAK]
  271 0000001A                 EXPORT           DMA2_Channel2_IRQHandler      [
WEAK]
  272 0000001A                 EXPORT           DMA2_Channel3_IRQHandler      [
WEAK]
  273 0000001A                 EXPORT           DMA2_Channel4_5_IRQHandler    [
WEAK]
  274 0000001A         
  275 0000001A         WWDG_IRQHandler
  276 0000001A         PVD_IRQHandler
  277 0000001A         TAMPER_IRQHandler
  278 0000001A         RTC_IRQHandler
  279 0000001A         FLASH_IRQHandler
  280 0000001A         RCC_CTC_IRQHandler
  281 0000001A         EXTI0_IRQHandler
  282 0000001A         EXTI1_IRQHandler
  283 0000001A         EXTI2_IRQHandler
  284 0000001A         EXTI3_IRQHandler
  285 0000001A         EXTI4_IRQHandler
  286 0000001A         DMA1_Channel1_IRQHandler
  287 0000001A         DMA1_Channel2_IRQHandler
  288 0000001A         DMA1_Channel3_IRQHandler
  289 0000001A         DMA1_Channel4_IRQHandler
  290 0000001A         DMA1_Channel5_IRQHandler
  291 0000001A         DMA1_Channel6_IRQHandler
  292 0000001A         DMA1_Channel7_IRQHandler
  293 0000001A         ADC1_2_IRQHandler
  294 0000001A         USB_IRQHandler
  295 0000001A         CAN_IRQHandler
  296 0000001A         EXTI9_5_IRQHandler
  297 0000001A         TIM1_BRK_TIM9_IRQHandler
  298 0000001A         TIM1_UP_TIM10_IRQHandler
  299 0000001A         TIM1_TRG_COM_TIM11_IRQHandler
  300 0000001A         TIM1_CC_IRQHandler
  301 0000001A         TIM2_IRQHandler
  302 0000001A         TIM3_IRQHandler
  303 0000001A         TIM4_IRQHandler
  304 0000001A         I2C1_EV_IRQHandler
  305 0000001A         I2C1_ER_IRQHandler
  306 0000001A         I2C2_EV_IRQHandler
  307 0000001A         I2C2_ER_IRQHandler
  308 0000001A         SPI1_IRQHandler
  309 0000001A         SPI2_IRQHandler
  310 0000001A         USART1_IRQHandler
  311 0000001A         USART2_IRQHandler
  312 0000001A         USART3_IRQHandler
  313 0000001A         EXTI15_10_IRQHandler
  314 0000001A         RTC_Alarm_IRQHandler
  315 0000001A         TIM8_BRK_TIM12_IRQHandler
  316 0000001A         TIM8_UP_TIM13_IRQHandler
  317 0000001A         TIM8_TRG_COM_TIM14_IRQHandler
  318 0000001A         TIM8_CC_IRQHandler
  319 0000001A         ADC3_IRQHandler
  320 0000001A         ESMC_IRQHandler
  321 0000001A         SDIO_IRQHandler
  322 0000001A         TIM5_IRQHandler
  323 0000001A         SPI3_IRQHandler
  324 0000001A         USART4_IRQHandler
  325 0000001A         USART5_IRQHandler



ARM Macro Assembler    Page 9 


  326 0000001A         TIM6_IRQHandler
  327 0000001A         TIM7_IRQHandler
  328 0000001A         DMA2_Channel1_IRQHandler
  329 0000001A         DMA2_Channel2_IRQHandler
  330 0000001A         DMA2_Channel3_IRQHandler
  331 0000001A         DMA2_Channel4_5_IRQHandler
  332 0000001A         
  333 0000001A E7FE            B                .
  334 0000001C                 ENDP
  335 0000001C         
  336 0000001C                 ALIGN
  337 0000001C         
  338 0000001C         ; User Initial Stack & Heap
  339 0000001C         
  340 0000001C                 IF               :DEF:__MICROLIB
  341 0000001C         
  342 0000001C                 EXPORT           __initial_sp
  343 0000001C                 EXPORT           __heap_base
  344 0000001C                 EXPORT           __heap_limit
  345 0000001C         
  346 0000001C                 ELSE
  361                          ENDIF
  362 0000001C         
  363 0000001C                 END
              00000000 
              00000000 
Command Line: --debug --xref --diag_suppress=9931 --cpu=Cortex-M4.fp.sp --apcs=
interwork --depend=.\output\startup_py32f403xx.d -o.\output\startup_py32f403xx.
o -I.\RTE\_Project -ID:\Keil_v5\Packs\ARM\CMSIS\5.9.0\CMSIS\Core\Include -ID:\K
eil_v5\Packs\Puya\PY32F4xx_DFP\1.0.6\Drivers\CMSIS\Device\PUYA\PY32F4xx\Include
 -ID:\Keil_v5\Packs\Puya\PY32F4xx_DFP\1.0.6\Device\Include --predefine="__MICRO
LIB SETA 1" --predefine="__UVISION_VERSION SETA 539" --predefine="_RTE_ SETA 1"
 --predefine="_RTE_ SETA 1" --list=.\output\startup_py32f403xx.lst startup_py32
f403xx.s



ARM Macro Assembler    Page 1 Alphabetic symbol ordering
Relocatable symbols

STACK 00000000

Symbol: STACK
   Definitions
      At line 46 in file startup_py32f403xx.s
   Uses
      None
Comment: STACK unused
Stack_Mem 00000000

Symbol: Stack_Mem
   Definitions
      At line 47 in file startup_py32f403xx.s
   Uses
      None
Comment: Stack_Mem unused
__initial_sp 00001000

Symbol: __initial_sp
   Definitions
      At line 48 in file startup_py32f403xx.s
   Uses
      At line 73 in file startup_py32f403xx.s
      At line 342 in file startup_py32f403xx.s

3 symbols



ARM Macro Assembler    Page 1 Alphabetic symbol ordering
Relocatable symbols

HEAP 00000000

Symbol: HEAP
   Definitions
      At line 57 in file startup_py32f403xx.s
   Uses
      None
Comment: HEAP unused
Heap_Mem 00000000

Symbol: Heap_Mem
   Definitions
      At line 59 in file startup_py32f403xx.s
   Uses
      None
Comment: Heap_Mem unused
__heap_base 00000000

Symbol: __heap_base
   Definitions
      At line 58 in file startup_py32f403xx.s
   Uses
      At line 343 in file startup_py32f403xx.s
Comment: __heap_base used once
__heap_limit 00000800

Symbol: __heap_limit
   Definitions
      At line 60 in file startup_py32f403xx.s
   Uses
      At line 344 in file startup_py32f403xx.s
Comment: __heap_limit used once
4 symbols



ARM Macro Assembler    Page 1 Alphabetic symbol ordering
Relocatable symbols

RESET 00000000

Symbol: RESET
   Definitions
      At line 68 in file startup_py32f403xx.s
   Uses
      None
Comment: RESET unused
__Vectors 00000000

Symbol: __Vectors
   Definitions
      At line 73 in file startup_py32f403xx.s
   Uses
      At line 69 in file startup_py32f403xx.s
      At line 153 in file startup_py32f403xx.s

__Vectors_End 00000130

Symbol: __Vectors_End
   Definitions
      At line 151 in file startup_py32f403xx.s
   Uses
      At line 70 in file startup_py32f403xx.s
      At line 153 in file startup_py32f403xx.s

3 symbols



ARM Macro Assembler    Page 1 Alphabetic symbol ordering
Relocatable symbols

.text 00000000

Symbol: .text
   Definitions
      At line 155 in file startup_py32f403xx.s
   Uses
      None
Comment: .text unused
ADC1_2_IRQHandler 0000001A

Symbol: ADC1_2_IRQHandler
   Definitions
      At line 293 in file startup_py32f403xx.s
   Uses
      At line 109 in file startup_py32f403xx.s
      At line 235 in file startup_py32f403xx.s

ADC3_IRQHandler 0000001A

Symbol: ADC3_IRQHandler
   Definitions
      At line 319 in file startup_py32f403xx.s
   Uses
      At line 138 in file startup_py32f403xx.s
      At line 261 in file startup_py32f403xx.s

BusFault_Handler 0000000E

Symbol: BusFault_Handler
   Definitions
      At line 188 in file startup_py32f403xx.s
   Uses
      At line 78 in file startup_py32f403xx.s
      At line 189 in file startup_py32f403xx.s

CAN_IRQHandler 0000001A

Symbol: CAN_IRQHandler
   Definitions
      At line 295 in file startup_py32f403xx.s
   Uses
      At line 111 in file startup_py32f403xx.s
      At line 237 in file startup_py32f403xx.s

DMA1_Channel1_IRQHandler 0000001A

Symbol: DMA1_Channel1_IRQHandler
   Definitions
      At line 286 in file startup_py32f403xx.s
   Uses
      At line 102 in file startup_py32f403xx.s
      At line 228 in file startup_py32f403xx.s

DMA1_Channel2_IRQHandler 0000001A

Symbol: DMA1_Channel2_IRQHandler
   Definitions
      At line 287 in file startup_py32f403xx.s
   Uses



ARM Macro Assembler    Page 2 Alphabetic symbol ordering
Relocatable symbols

      At line 103 in file startup_py32f403xx.s
      At line 229 in file startup_py32f403xx.s

DMA1_Channel3_IRQHandler 0000001A

Symbol: DMA1_Channel3_IRQHandler
   Definitions
      At line 288 in file startup_py32f403xx.s
   Uses
      At line 104 in file startup_py32f403xx.s
      At line 230 in file startup_py32f403xx.s

DMA1_Channel4_IRQHandler 0000001A

Symbol: DMA1_Channel4_IRQHandler
   Definitions
      At line 289 in file startup_py32f403xx.s
   Uses
      At line 105 in file startup_py32f403xx.s
      At line 231 in file startup_py32f403xx.s

DMA1_Channel5_IRQHandler 0000001A

Symbol: DMA1_Channel5_IRQHandler
   Definitions
      At line 290 in file startup_py32f403xx.s
   Uses
      At line 106 in file startup_py32f403xx.s
      At line 232 in file startup_py32f403xx.s

DMA1_Channel6_IRQHandler 0000001A

Symbol: DMA1_Channel6_IRQHandler
   Definitions
      At line 291 in file startup_py32f403xx.s
   Uses
      At line 107 in file startup_py32f403xx.s
      At line 233 in file startup_py32f403xx.s

DMA1_Channel7_IRQHandler 0000001A

Symbol: DMA1_Channel7_IRQHandler
   Definitions
      At line 292 in file startup_py32f403xx.s
   Uses
      At line 108 in file startup_py32f403xx.s
      At line 234 in file startup_py32f403xx.s

DMA2_Channel1_IRQHandler 0000001A

Symbol: DMA2_Channel1_IRQHandler
   Definitions
      At line 328 in file startup_py32f403xx.s
   Uses
      At line 147 in file startup_py32f403xx.s
      At line 270 in file startup_py32f403xx.s

DMA2_Channel2_IRQHandler 0000001A




ARM Macro Assembler    Page 3 Alphabetic symbol ordering
Relocatable symbols

Symbol: DMA2_Channel2_IRQHandler
   Definitions
      At line 329 in file startup_py32f403xx.s
   Uses
      At line 148 in file startup_py32f403xx.s
      At line 271 in file startup_py32f403xx.s

DMA2_Channel3_IRQHandler 0000001A

Symbol: DMA2_Channel3_IRQHandler
   Definitions
      At line 330 in file startup_py32f403xx.s
   Uses
      At line 149 in file startup_py32f403xx.s
      At line 272 in file startup_py32f403xx.s

DMA2_Channel4_5_IRQHandler 0000001A

Symbol: DMA2_Channel4_5_IRQHandler
   Definitions
      At line 331 in file startup_py32f403xx.s
   Uses
      At line 150 in file startup_py32f403xx.s
      At line 273 in file startup_py32f403xx.s

DebugMon_Handler 00000014

Symbol: DebugMon_Handler
   Definitions
      At line 202 in file startup_py32f403xx.s
   Uses
      At line 85 in file startup_py32f403xx.s
      At line 203 in file startup_py32f403xx.s

Default_Handler 0000001A

Symbol: Default_Handler
   Definitions
      At line 215 in file startup_py32f403xx.s
   Uses
      None
Comment: Default_Handler unused
ESMC_IRQHandler 0000001A

Symbol: ESMC_IRQHandler
   Definitions
      At line 320 in file startup_py32f403xx.s
   Uses
      At line 139 in file startup_py32f403xx.s
      At line 262 in file startup_py32f403xx.s

EXTI0_IRQHandler 0000001A

Symbol: EXTI0_IRQHandler
   Definitions
      At line 281 in file startup_py32f403xx.s
   Uses
      At line 97 in file startup_py32f403xx.s
      At line 223 in file startup_py32f403xx.s



ARM Macro Assembler    Page 4 Alphabetic symbol ordering
Relocatable symbols


EXTI15_10_IRQHandler 0000001A

Symbol: EXTI15_10_IRQHandler
   Definitions
      At line 313 in file startup_py32f403xx.s
   Uses
      At line 131 in file startup_py32f403xx.s
      At line 255 in file startup_py32f403xx.s

EXTI1_IRQHandler 0000001A

Symbol: EXTI1_IRQHandler
   Definitions
      At line 282 in file startup_py32f403xx.s
   Uses
      At line 98 in file startup_py32f403xx.s
      At line 224 in file startup_py32f403xx.s

EXTI2_IRQHandler 0000001A

Symbol: EXTI2_IRQHandler
   Definitions
      At line 283 in file startup_py32f403xx.s
   Uses
      At line 99 in file startup_py32f403xx.s
      At line 225 in file startup_py32f403xx.s

EXTI3_IRQHandler 0000001A

Symbol: EXTI3_IRQHandler
   Definitions
      At line 284 in file startup_py32f403xx.s
   Uses
      At line 100 in file startup_py32f403xx.s
      At line 226 in file startup_py32f403xx.s

EXTI4_IRQHandler 0000001A

Symbol: EXTI4_IRQHandler
   Definitions
      At line 285 in file startup_py32f403xx.s
   Uses
      At line 101 in file startup_py32f403xx.s
      At line 227 in file startup_py32f403xx.s

EXTI9_5_IRQHandler 0000001A

Symbol: EXTI9_5_IRQHandler
   Definitions
      At line 296 in file startup_py32f403xx.s
   Uses
      At line 114 in file startup_py32f403xx.s
      At line 238 in file startup_py32f403xx.s

FLASH_IRQHandler 0000001A

Symbol: FLASH_IRQHandler
   Definitions



ARM Macro Assembler    Page 5 Alphabetic symbol ordering
Relocatable symbols

      At line 279 in file startup_py32f403xx.s
   Uses
      At line 95 in file startup_py32f403xx.s
      At line 221 in file startup_py32f403xx.s

HardFault_Handler 0000000A

Symbol: HardFault_Handler
   Definitions
      At line 178 in file startup_py32f403xx.s
   Uses
      At line 76 in file startup_py32f403xx.s
      At line 179 in file startup_py32f403xx.s

I2C1_ER_IRQHandler 0000001A

Symbol: I2C1_ER_IRQHandler
   Definitions
      At line 305 in file startup_py32f403xx.s
   Uses
      At line 123 in file startup_py32f403xx.s
      At line 247 in file startup_py32f403xx.s

I2C1_EV_IRQHandler 0000001A

Symbol: I2C1_EV_IRQHandler
   Definitions
      At line 304 in file startup_py32f403xx.s
   Uses
      At line 122 in file startup_py32f403xx.s
      At line 246 in file startup_py32f403xx.s

I2C2_ER_IRQHandler 0000001A

Symbol: I2C2_ER_IRQHandler
   Definitions
      At line 307 in file startup_py32f403xx.s
   Uses
      At line 125 in file startup_py32f403xx.s
      At line 249 in file startup_py32f403xx.s

I2C2_EV_IRQHandler 0000001A

Symbol: I2C2_EV_IRQHandler
   Definitions
      At line 306 in file startup_py32f403xx.s
   Uses
      At line 124 in file startup_py32f403xx.s
      At line 248 in file startup_py32f403xx.s

MemManage_Handler 0000000C

Symbol: MemManage_Handler
   Definitions
      At line 183 in file startup_py32f403xx.s
   Uses
      At line 77 in file startup_py32f403xx.s
      At line 184 in file startup_py32f403xx.s




ARM Macro Assembler    Page 6 Alphabetic symbol ordering
Relocatable symbols

NMI_Handler 00000008

Symbol: NMI_Handler
   Definitions
      At line 173 in file startup_py32f403xx.s
   Uses
      At line 75 in file startup_py32f403xx.s
      At line 174 in file startup_py32f403xx.s

PVD_IRQHandler 0000001A

Symbol: PVD_IRQHandler
   Definitions
      At line 276 in file startup_py32f403xx.s
   Uses
      At line 92 in file startup_py32f403xx.s
      At line 218 in file startup_py32f403xx.s

PendSV_Handler 00000016

Symbol: PendSV_Handler
   Definitions
      At line 206 in file startup_py32f403xx.s
   Uses
      At line 87 in file startup_py32f403xx.s
      At line 207 in file startup_py32f403xx.s

RCC_CTC_IRQHandler 0000001A

Symbol: RCC_CTC_IRQHandler
   Definitions
      At line 280 in file startup_py32f403xx.s
   Uses
      At line 96 in file startup_py32f403xx.s
      At line 222 in file startup_py32f403xx.s

RTC_Alarm_IRQHandler 0000001A

Symbol: RTC_Alarm_IRQHandler
   Definitions
      At line 314 in file startup_py32f403xx.s
   Uses
      At line 132 in file startup_py32f403xx.s
      At line 256 in file startup_py32f403xx.s

RTC_IRQHandler 0000001A

Symbol: RTC_IRQHandler
   Definitions
      At line 278 in file startup_py32f403xx.s
   Uses
      At line 94 in file startup_py32f403xx.s
      At line 220 in file startup_py32f403xx.s

Reset_Handler 00000000

Symbol: Reset_Handler
   Definitions
      At line 160 in file startup_py32f403xx.s



ARM Macro Assembler    Page 7 Alphabetic symbol ordering
Relocatable symbols

   Uses
      At line 74 in file startup_py32f403xx.s
      At line 161 in file startup_py32f403xx.s

SDIO_IRQHandler 0000001A

Symbol: SDIO_IRQHandler
   Definitions
      At line 321 in file startup_py32f403xx.s
   Uses
      At line 140 in file startup_py32f403xx.s
      At line 263 in file startup_py32f403xx.s

SPI1_IRQHandler 0000001A

Symbol: SPI1_IRQHandler
   Definitions
      At line 308 in file startup_py32f403xx.s
   Uses
      At line 126 in file startup_py32f403xx.s
      At line 250 in file startup_py32f403xx.s

SPI2_IRQHandler 0000001A

Symbol: SPI2_IRQHandler
   Definitions
      At line 309 in file startup_py32f403xx.s
   Uses
      At line 127 in file startup_py32f403xx.s
      At line 251 in file startup_py32f403xx.s

SPI3_IRQHandler 0000001A

Symbol: SPI3_IRQHandler
   Definitions
      At line 323 in file startup_py32f403xx.s
   Uses
      At line 142 in file startup_py32f403xx.s
      At line 265 in file startup_py32f403xx.s

SVC_Handler 00000012

Symbol: SVC_Handler
   Definitions
      At line 197 in file startup_py32f403xx.s
   Uses
      At line 84 in file startup_py32f403xx.s
      At line 198 in file startup_py32f403xx.s

SysTick_Handler 00000018

Symbol: SysTick_Handler
   Definitions
      At line 210 in file startup_py32f403xx.s
   Uses
      At line 88 in file startup_py32f403xx.s
      At line 211 in file startup_py32f403xx.s

TAMPER_IRQHandler 0000001A



ARM Macro Assembler    Page 8 Alphabetic symbol ordering
Relocatable symbols


Symbol: TAMPER_IRQHandler
   Definitions
      At line 277 in file startup_py32f403xx.s
   Uses
      At line 93 in file startup_py32f403xx.s
      At line 219 in file startup_py32f403xx.s

TIM1_BRK_TIM9_IRQHandler 0000001A

Symbol: TIM1_BRK_TIM9_IRQHandler
   Definitions
      At line 297 in file startup_py32f403xx.s
   Uses
      At line 115 in file startup_py32f403xx.s
      At line 239 in file startup_py32f403xx.s

TIM1_CC_IRQHandler 0000001A

Symbol: TIM1_CC_IRQHandler
   Definitions
      At line 300 in file startup_py32f403xx.s
   Uses
      At line 118 in file startup_py32f403xx.s
      At line 242 in file startup_py32f403xx.s

TIM1_TRG_COM_TIM11_IRQHandler 0000001A

Symbol: TIM1_TRG_COM_TIM11_IRQHandler
   Definitions
      At line 299 in file startup_py32f403xx.s
   Uses
      At line 117 in file startup_py32f403xx.s
      At line 241 in file startup_py32f403xx.s

TIM1_UP_TIM10_IRQHandler 0000001A

Symbol: TIM1_UP_TIM10_IRQHandler
   Definitions
      At line 298 in file startup_py32f403xx.s
   Uses
      At line 116 in file startup_py32f403xx.s
      At line 240 in file startup_py32f403xx.s

TIM2_IRQHandler 0000001A

Symbol: TIM2_IRQHandler
   Definitions
      At line 301 in file startup_py32f403xx.s
   Uses
      At line 119 in file startup_py32f403xx.s
      At line 243 in file startup_py32f403xx.s

TIM3_IRQHandler 0000001A

Symbol: TIM3_IRQHandler
   Definitions
      At line 302 in file startup_py32f403xx.s
   Uses



ARM Macro Assembler    Page 9 Alphabetic symbol ordering
Relocatable symbols

      At line 120 in file startup_py32f403xx.s
      At line 244 in file startup_py32f403xx.s

TIM4_IRQHandler 0000001A

Symbol: TIM4_IRQHandler
   Definitions
      At line 303 in file startup_py32f403xx.s
   Uses
      At line 121 in file startup_py32f403xx.s
      At line 245 in file startup_py32f403xx.s

TIM5_IRQHandler 0000001A

Symbol: TIM5_IRQHandler
   Definitions
      At line 322 in file startup_py32f403xx.s
   Uses
      At line 141 in file startup_py32f403xx.s
      At line 264 in file startup_py32f403xx.s

TIM6_IRQHandler 0000001A

Symbol: TIM6_IRQHandler
   Definitions
      At line 326 in file startup_py32f403xx.s
   Uses
      At line 145 in file startup_py32f403xx.s
      At line 268 in file startup_py32f403xx.s

TIM7_IRQHandler 0000001A

Symbol: TIM7_IRQHandler
   Definitions
      At line 327 in file startup_py32f403xx.s
   Uses
      At line 146 in file startup_py32f403xx.s
      At line 269 in file startup_py32f403xx.s

TIM8_BRK_TIM12_IRQHandler 0000001A

Symbol: TIM8_BRK_TIM12_IRQHandler
   Definitions
      At line 315 in file startup_py32f403xx.s
   Uses
      At line 134 in file startup_py32f403xx.s
      At line 257 in file startup_py32f403xx.s

TIM8_CC_IRQHandler 0000001A

Symbol: TIM8_CC_IRQHandler
   Definitions
      At line 318 in file startup_py32f403xx.s
   Uses
      At line 137 in file startup_py32f403xx.s
      At line 260 in file startup_py32f403xx.s

TIM8_TRG_COM_TIM14_IRQHandler 0000001A




ARM Macro Assembler    Page 10 Alphabetic symbol ordering
Relocatable symbols

Symbol: TIM8_TRG_COM_TIM14_IRQHandler
   Definitions
      At line 317 in file startup_py32f403xx.s
   Uses
      At line 136 in file startup_py32f403xx.s
      At line 259 in file startup_py32f403xx.s

TIM8_UP_TIM13_IRQHandler 0000001A

Symbol: TIM8_UP_TIM13_IRQHandler
   Definitions
      At line 316 in file startup_py32f403xx.s
   Uses
      At line 135 in file startup_py32f403xx.s
      At line 258 in file startup_py32f403xx.s

USART1_IRQHandler 0000001A

Symbol: USART1_IRQHandler
   Definitions
      At line 310 in file startup_py32f403xx.s
   Uses
      At line 128 in file startup_py32f403xx.s
      At line 252 in file startup_py32f403xx.s

USART2_IRQHandler 0000001A

Symbol: USART2_IRQHandler
   Definitions
      At line 311 in file startup_py32f403xx.s
   Uses
      At line 129 in file startup_py32f403xx.s
      At line 253 in file startup_py32f403xx.s

USART3_IRQHandler 0000001A

Symbol: USART3_IRQHandler
   Definitions
      At line 312 in file startup_py32f403xx.s
   Uses
      At line 130 in file startup_py32f403xx.s
      At line 254 in file startup_py32f403xx.s

USART4_IRQHandler 0000001A

Symbol: USART4_IRQHandler
   Definitions
      At line 324 in file startup_py32f403xx.s
   Uses
      At line 143 in file startup_py32f403xx.s
      At line 266 in file startup_py32f403xx.s

USART5_IRQHandler 0000001A

Symbol: USART5_IRQHandler
   Definitions
      At line 325 in file startup_py32f403xx.s
   Uses
      At line 144 in file startup_py32f403xx.s



ARM Macro Assembler    Page 11 Alphabetic symbol ordering
Relocatable symbols

      At line 267 in file startup_py32f403xx.s

USB_IRQHandler 0000001A

Symbol: USB_IRQHandler
   Definitions
      At line 294 in file startup_py32f403xx.s
   Uses
      At line 110 in file startup_py32f403xx.s
      At line 236 in file startup_py32f403xx.s

UsageFault_Handler 00000010

Symbol: UsageFault_Handler
   Definitions
      At line 193 in file startup_py32f403xx.s
   Uses
      At line 79 in file startup_py32f403xx.s
      At line 194 in file startup_py32f403xx.s

WWDG_IRQHandler 0000001A

Symbol: WWDG_IRQHandler
   Definitions
      At line 275 in file startup_py32f403xx.s
   Uses
      At line 91 in file startup_py32f403xx.s
      At line 217 in file startup_py32f403xx.s

69 symbols



ARM Macro Assembler    Page 1 Alphabetic symbol ordering
Absolute symbols

Heap_Size 00000800

Symbol: Heap_Size
   Definitions
      At line 55 in file startup_py32f403xx.s
   Uses
      At line 59 in file startup_py32f403xx.s
Comment: Heap_Size used once
Stack_Size 00001000

Symbol: Stack_Size
   Definitions
      At line 44 in file startup_py32f403xx.s
   Uses
      At line 47 in file startup_py32f403xx.s
Comment: Stack_Size used once
__Vectors_Size 00000130

Symbol: __Vectors_Size
   Definitions
      At line 153 in file startup_py32f403xx.s
   Uses
      At line 71 in file startup_py32f403xx.s
Comment: __Vectors_Size used once
3 symbols



ARM Macro Assembler    Page 1 Alphabetic symbol ordering
External symbols

SystemInit 00000000

Symbol: SystemInit
   Definitions
      At line 162 in file startup_py32f403xx.s
   Uses
      At line 164 in file startup_py32f403xx.s
Comment: SystemInit used once
__main 00000000

Symbol: __main
   Definitions
      At line 163 in file startup_py32f403xx.s
   Uses
      At line 166 in file startup_py32f403xx.s
Comment: __main used once
2 symbols
420 symbols in table
